2020-08-17 11:16:56.352  INFO 1904 --- [restartedMain] c.y.y.engine.YcDetectionBootApplication  : Starting YcDetectionBootApplication on DESKTOP-S10PS3C with PID 1904 (D:\softWare\idea_code\yc-detection-boot\target\classes started by yangkun in D:\softWare\idea_code\yc-detection-boot)
2020-08-17 11:16:56.360  INFO 1904 --- [restartedMain] c.y.y.engine.YcDetectionBootApplication  : No active profile set, falling back to default profiles: default
2020-08-17 11:16:56.642  INFO 1904 --- [restartedMain] .e.DevToolsPropertyDefaultsPostProcessor : Devtools property defaults active! Set 'spring.devtools.add-properties' to 'false' to disable
2020-08-17 11:16:56.643  INFO 1904 --- [restartedMain] .e.DevToolsPropertyDefaultsPostProcessor : For additional web related logging consider setting the 'logging.level.web' property to 'DEBUG'
2020-08-17 11:17:00.225  INFO 1904 --- [restartedMain] o.s.b.w.embedded.tomcat.TomcatWebServer  : Tomcat initialized with port(s): 8088 (http)
2020-08-17 11:17:00.237  INFO 1904 --- [restartedMain] o.apache.catalina.core.StandardService   : Starting service [Tomcat]
2020-08-17 11:17:00.237  INFO 1904 --- [restartedMain] org.apache.catalina.core.StandardEngine  : Starting Servlet engine: [Apache Tomcat/9.0.29]
2020-08-17 11:17:00.419  INFO 1904 --- [restartedMain] o.a.c.c.C.[Tomcat].[localhost].[/]       : Initializing Spring embedded WebApplicationContext
2020-08-17 11:17:00.420  INFO 1904 --- [restartedMain] o.s.web.context.ContextLoader            : Root WebApplicationContext: initialization completed in 3777 ms
2020-08-17 11:17:01.084  INFO 1904 --- [restartedMain] o.s.s.concurrent.ThreadPoolTaskExecutor  : Initializing ExecutorService
2020-08-17 11:17:01.086  INFO 1904 --- [restartedMain] o.s.s.concurrent.ThreadPoolTaskExecutor  : Initializing ExecutorService 'asyncServiceExecutor'
2020-08-17 11:17:01.601  WARN 1904 --- [restartedMain] org.thymeleaf.templatemode.TemplateMode  : [THYMELEAF][restartedMain] Template Mode 'HTML5' is deprecated. Using Template Mode 'HTML' instead.
2020-08-17 11:17:01.817  INFO 1904 --- [restartedMain] o.s.s.c.ThreadPoolTaskScheduler          : Initializing ExecutorService 'taskScheduler'
2020-08-17 11:17:01.995  INFO 1904 --- [restartedMain] o.s.b.d.a.OptionalLiveReloadServer       : LiveReload server is running on port 35729
2020-08-17 11:17:02.061  INFO 1904 --- [restartedMain] o.s.b.w.embedded.tomcat.TomcatWebServer  : Tomcat started on port(s): 8088 (http) with context path ''
2020-08-17 11:17:02.065  INFO 1904 --- [restartedMain] c.y.y.engine.YcDetectionBootApplication  : Started YcDetectionBootApplication in 7.297 seconds (JVM running for 11.305)
2020-08-17 11:18:00.397  INFO 1904 --- [async-service-1] com.zaxxer.hikari.HikariDataSource       : HikariPool-1 - Starting...
2020-08-17 11:18:00.555  INFO 1904 --- [async-service-1] com.zaxxer.hikari.HikariDataSource       : HikariPool-1 - Start completed.
2020-08-17 11:18:06.092  INFO 1904 --- [async-service-1] c.yunqu.yq.engine.utils.MobileInfoUtils  : 搜索成功的次数:0
2020-08-17 11:18:06.093  INFO 1904 --- [async-service-1] c.yunqu.yq.engine.utils.MobileInfoUtils  : 搜索失败的次数:0
2020-08-17 11:18:06.093  INFO 1904 --- [async-service-1] c.yunqu.yq.engine.utils.MobileInfoUtils  : 搜索IP:null搜索PORT:null
2020-08-17 11:18:06.093 ERROR 1904 --- [async-service-1] c.yunqu.yq.engine.utils.MobileInfoUtils  : [360搜索数据失败]-->mobile:02066327264,error:null
2020-08-17 11:18:11.314  INFO 1904 --- [async-service-1] c.yunqu.yq.engine.utils.MobileInfoUtils  : 搜索成功的次数:0
2020-08-17 11:18:11.315  INFO 1904 --- [async-service-1] c.yunqu.yq.engine.utils.MobileInfoUtils  : 搜索失败的次数:1
2020-08-17 11:18:11.315  INFO 1904 --- [async-service-1] c.yunqu.yq.engine.utils.MobileInfoUtils  : 搜索IP:null搜索PORT:null
2020-08-17 11:18:11.315 ERROR 1904 --- [async-service-1] c.yunqu.yq.engine.utils.MobileInfoUtils  : [360搜索数据失败]-->mobile:02066327265,error:null
2020-08-17 11:18:14.988  INFO 1904 --- [SpringContextShutdownHook] o.s.s.c.ThreadPoolTaskScheduler          : Shutting down ExecutorService 'taskScheduler'
2020-08-17 11:18:14.990  INFO 1904 --- [SpringContextShutdownHook] o.s.s.concurrent.ThreadPoolTaskExecutor  : Shutting down ExecutorService 'asyncServiceExecutor'
2020-08-17 11:18:14.991  INFO 1904 --- [SpringContextShutdownHook] com.zaxxer.hikari.HikariDataSource       : HikariPool-1 - Shutdown initiated...
2020-08-17 11:18:14.996  INFO 1904 --- [SpringContextShutdownHook] com.zaxxer.hikari.HikariDataSource       : HikariPool-1 - Shutdown completed.
2020-08-17 11:18:15.002 ERROR 1904 --- [async-service-1] com.yunqu.yq.engine.job.CheckJob         : sleep interrupted

java.lang.InterruptedException: sleep interrupted
	at java.lang.Thread.sleep(Native Method) [na:1.8.0_51]
	at com.yunqu.yq.engine.job.CheckJob.checkNum(CheckJob.java:58) [classes/:na]
	at com.yunqu.yq.engine.job.CheckJob.checkPhoneJob(CheckJob.java:46) [classes/:na]
	at com.yunqu.yq.engine.job.CheckJob$$FastClassBySpringCGLIB$$4f703ce1.invoke(<generated>) [classes/:na]
	at org.springframework.cglib.proxy.MethodProxy.invoke(MethodProxy.java:218) [spring-core-5.2.2.RELEASE.jar:5.2.2.RELEASE]
	at org.springframework.aop.framework.CglibAopProxy$CglibMethodInvocation.invokeJoinpoint(CglibAopProxy.java:769) [spring-aop-5.2.2.RELEASE.jar:5.2.2.RELEASE]
	at org.springframework.aop.framework.ReflectiveMethodInvocation.proceed(ReflectiveMethodInvocation.java:163) [spring-aop-5.2.2.RELEASE.jar:5.2.2.RELEASE]
	at org.springframework.aop.framework.CglibAopProxy$CglibMethodInvocation.proceed(CglibAopProxy.java:747) [spring-aop-5.2.2.RELEASE.jar:5.2.2.RELEASE]
	at org.springframework.aop.interceptor.AsyncExecutionInterceptor.lambda$invoke$0(AsyncExecutionInterceptor.java:115) [spring-aop-5.2.2.RELEASE.jar:5.2.2.RELEASE]
	at org.springframework.aop.interceptor.AsyncExecutionInterceptor$$Lambda$525/1789056679.call(Unknown Source) [spring-aop-5.2.2.RELEASE.jar:5.2.2.RELEASE]
	at java.util.concurrent.FutureTask.run$$$capture(FutureTask.java:266) [na:1.8.0_51]
	at java.util.concurrent.FutureTask.run(FutureTask.java) [na:1.8.0_51]
	at java.util.concurrent.ThreadPoolExecutor.runWorker(ThreadPoolExecutor.java:1142) [na:1.8.0_51]
	at java.util.concurrent.ThreadPoolExecutor$Worker.run(ThreadPoolExecutor.java:617) [na:1.8.0_51]
	at java.lang.Thread.run(Thread.java:745) [na:1.8.0_51]

2020-08-17 11:18:15.165  INFO 1904 --- [async-service-1] c.yunqu.yq.engine.utils.MobileInfoUtils  : 搜索成功的次数:0
2020-08-17 11:18:15.165  INFO 1904 --- [async-service-1] c.yunqu.yq.engine.utils.MobileInfoUtils  : 搜索失败的次数:2
2020-08-17 11:18:15.165  INFO 1904 --- [async-service-1] c.yunqu.yq.engine.utils.MobileInfoUtils  : 搜索IP:null搜索PORT:null
2020-08-17 11:18:15.165 ERROR 1904 --- [async-service-1] c.yunqu.yq.engine.utils.MobileInfoUtils  : [360搜索数据失败]-->mobile:02066327266,error:null
